/*C2*/SET SCHEMA PUBLIC
DELETE FROM EVENT WHERE ID='0' AND DURATION=90 AND TYPE='APPS_LOGS' AND HOST='localhost' AND ALERT='1'
DELETE FROM EVENT WHERE ID='1' AND DURATION=2 AND TYPE IS NULL AND HOST IS NULL AND ALERT='0'
DELETE FROM EVENT WHERE ID='2' AND DURATION=0 AND TYPE IS NULL AND HOST IS NULL AND ALERT='0'
DELETE FROM EVENT WHERE ID='3' AND DURATION=1 AND TYPE IS NULL AND HOST IS NULL AND ALERT='0'
DELETE FROM EVENT WHERE ID='4' AND DURATION=0 AND TYPE IS NULL AND HOST IS NULL AND ALERT='0'
DELETE FROM EVENT WHERE ID='5' AND DURATION=0 AND TYPE IS NULL AND HOST IS NULL AND ALERT='0'
DELETE FROM EVENT WHERE ID='6' AND DURATION=0 AND TYPE IS NULL AND HOST IS NULL AND ALERT='0'
DELETE FROM EVENT WHERE ID='7' AND DURATION=0 AND TYPE IS NULL AND HOST IS NULL AND ALERT='0'
DELETE FROM EVENT WHERE ID='8' AND DURATION=1 AND TYPE IS NULL AND HOST IS NULL AND ALERT='0'
DELETE FROM EVENT WHERE ID='9' AND DURATION=0 AND TYPE IS NULL AND HOST IS NULL AND ALERT='0'
DELETE FROM EVENT WHERE ID='10' AND DURATION=0 AND TYPE IS NULL AND HOST IS NULL AND ALERT='0'
DELETE FROM EVENT WHERE ID='11' AND DURATION=0 AND TYPE IS NULL AND HOST IS NULL AND ALERT='0'
DELETE FROM EVENT WHERE ID='12' AND DURATION=0 AND TYPE IS NULL AND HOST IS NULL AND ALERT='0'
DELETE FROM EVENT WHERE ID='13' AND DURATION=0 AND TYPE IS NULL AND HOST IS NULL AND ALERT='0'
DELETE FROM EVENT WHERE ID='14' AND DURATION=0 AND TYPE IS NULL AND HOST IS NULL AND ALERT='0'
DELETE FROM EVENT WHERE ID='15' AND DURATION=0 AND TYPE IS NULL AND HOST IS NULL AND ALERT='0'
DELETE FROM EVENT WHERE ID='16' AND DURATION=0 AND TYPE IS NULL AND HOST IS NULL AND ALERT='0'
DELETE FROM EVENT WHERE ID='17' AND DURATION=0 AND TYPE IS NULL AND HOST IS NULL AND ALERT='0'
DELETE FROM EVENT WHERE ID='18' AND DURATION=1 AND TYPE IS NULL AND HOST IS NULL AND ALERT='0'
DELETE FROM EVENT WHERE ID='19' AND DURATION=0 AND TYPE IS NULL AND HOST IS NULL AND ALERT='0'
DELETE FROM EVENT WHERE ID='20' AND DURATION=0 AND TYPE IS NULL AND HOST IS NULL AND ALERT='0'
DELETE FROM EVENT WHERE ID='21' AND DURATION=0 AND TYPE IS NULL AND HOST IS NULL AND ALERT='0'
DELETE FROM EVENT WHERE ID='22' AND DURATION=0 AND TYPE IS NULL AND HOST IS NULL AND ALERT='0'
DELETE FROM EVENT WHERE ID='23' AND DURATION=0 AND TYPE IS NULL AND HOST IS NULL AND ALERT='0'
DELETE FROM EVENT WHERE ID='24' AND DURATION=0 AND TYPE IS NULL AND HOST IS NULL AND ALERT='0'
DELETE FROM EVENT WHERE ID='25' AND DURATION=0 AND TYPE IS NULL AND HOST IS NULL AND ALERT='0'
DELETE FROM EVENT WHERE ID='26' AND DURATION=0 AND TYPE IS NULL AND HOST IS NULL AND ALERT='0'
DELETE FROM EVENT WHERE ID='27' AND DURATION=0 AND TYPE IS NULL AND HOST IS NULL AND ALERT='0'
DELETE FROM EVENT WHERE ID='28' AND DURATION=0 AND TYPE IS NULL AND HOST IS NULL AND ALERT='0'
DELETE FROM EVENT WHERE ID='29' AND DURATION=1 AND TYPE IS NULL AND HOST IS NULL AND ALERT='0'
DELETE FROM EVENT WHERE ID='30' AND DURATION=0 AND TYPE IS NULL AND HOST IS NULL AND ALERT='0'
DELETE FROM EVENT WHERE ID='31' AND DURATION=0 AND TYPE IS NULL AND HOST IS NULL AND ALERT='0'
DELETE FROM EVENT WHERE ID='32' AND DURATION=0 AND TYPE IS NULL AND HOST IS NULL AND ALERT='0'
DELETE FROM EVENT WHERE ID='33' AND DURATION=0 AND TYPE IS NULL AND HOST IS NULL AND ALERT='0'
DELETE FROM EVENT WHERE ID='34' AND DURATION=0 AND TYPE IS NULL AND HOST IS NULL AND ALERT='0'
DELETE FROM EVENT WHERE ID='35' AND DURATION=0 AND TYPE IS NULL AND HOST IS NULL AND ALERT='0'
DELETE FROM EVENT WHERE ID='36' AND DURATION=0 AND TYPE IS NULL AND HOST IS NULL AND ALERT='0'
DELETE FROM EVENT WHERE ID='37' AND DURATION=0 AND TYPE IS NULL AND HOST IS NULL AND ALERT='0'
DELETE FROM EVENT WHERE ID='38' AND DURATION=0 AND TYPE IS NULL AND HOST IS NULL AND ALERT='0'
DELETE FROM EVENT WHERE ID='39' AND DURATION=0 AND TYPE IS NULL AND HOST IS NULL AND ALERT='0'
DELETE FROM EVENT WHERE ID='40' AND DURATION=1 AND TYPE IS NULL AND HOST IS NULL AND ALERT='0'
DELETE FROM EVENT WHERE ID='41' AND DURATION=0 AND TYPE IS NULL AND HOST IS NULL AND ALERT='0'
DELETE FROM EVENT WHERE ID='42' AND DURATION=0 AND TYPE IS NULL AND HOST IS NULL AND ALERT='0'
DELETE FROM EVENT WHERE ID='43' AND DURATION=0 AND TYPE IS NULL AND HOST IS NULL AND ALERT='0'
DELETE FROM EVENT WHERE ID='44' AND DURATION=0 AND TYPE IS NULL AND HOST IS NULL AND ALERT='0'
DELETE FROM EVENT WHERE ID='45' AND DURATION=0 AND TYPE IS NULL AND HOST IS NULL AND ALERT='0'
DELETE FROM EVENT WHERE ID='46' AND DURATION=0 AND TYPE IS NULL AND HOST IS NULL AND ALERT='0'
DELETE FROM EVENT WHERE ID='47' AND DURATION=0 AND TYPE IS NULL AND HOST IS NULL AND ALERT='0'
DELETE FROM EVENT WHERE ID='48' AND DURATION=0 AND TYPE IS NULL AND HOST IS NULL AND ALERT='0'
DELETE FROM EVENT WHERE ID='49' AND DURATION=0 AND TYPE IS NULL AND HOST IS NULL AND ALERT='0'
DELETE FROM EVENT WHERE ID='50' AND DURATION=0 AND TYPE IS NULL AND HOST IS NULL AND ALERT='0'
DELETE FROM EVENT WHERE ID='51' AND DURATION=2 AND TYPE IS NULL AND HOST IS NULL AND ALERT='0'
DELETE FROM EVENT WHERE ID='52' AND DURATION=0 AND TYPE IS NULL AND HOST IS NULL AND ALERT='0'
DELETE FROM EVENT WHERE ID='53' AND DURATION=0 AND TYPE IS NULL AND HOST IS NULL AND ALERT='0'
DELETE FROM EVENT WHERE ID='54' AND DURATION=0 AND TYPE IS NULL AND HOST IS NULL AND ALERT='0'
DELETE FROM EVENT WHERE ID='55' AND DURATION=0 AND TYPE IS NULL AND HOST IS NULL AND ALERT='0'
DELETE FROM EVENT WHERE ID='56' AND DURATION=0 AND TYPE IS NULL AND HOST IS NULL AND ALERT='0'
DELETE FROM EVENT WHERE ID='57' AND DURATION=0 AND TYPE IS NULL AND HOST IS NULL AND ALERT='0'
DELETE FROM EVENT WHERE ID='58' AND DURATION=1 AND TYPE IS NULL AND HOST IS NULL AND ALERT='0'
DELETE FROM EVENT WHERE ID='59' AND DURATION=0 AND TYPE IS NULL AND HOST IS NULL AND ALERT='0'
DELETE FROM EVENT WHERE ID='60' AND DURATION=0 AND TYPE IS NULL AND HOST IS NULL AND ALERT='0'
DELETE FROM EVENT WHERE ID='61' AND DURATION=0 AND TYPE IS NULL AND HOST IS NULL AND ALERT='0'
DELETE FROM EVENT WHERE ID='62' AND DURATION=0 AND TYPE IS NULL AND HOST IS NULL AND ALERT='0'
DELETE FROM EVENT WHERE ID='63' AND DURATION=0 AND TYPE IS NULL AND HOST IS NULL AND ALERT='0'
DELETE FROM EVENT WHERE ID='64' AND DURATION=0 AND TYPE IS NULL AND HOST IS NULL AND ALERT='0'
DELETE FROM EVENT WHERE ID='65' AND DURATION=0 AND TYPE IS NULL AND HOST IS NULL AND ALERT='0'
DELETE FROM EVENT WHERE ID='66' AND DURATION=1 AND TYPE IS NULL AND HOST IS NULL AND ALERT='0'
DELETE FROM EVENT WHERE ID='67' AND DURATION=0 AND TYPE IS NULL AND HOST IS NULL AND ALERT='0'
DELETE FROM EVENT WHERE ID='68' AND DURATION=0 AND TYPE IS NULL AND HOST IS NULL AND ALERT='0'
DELETE FROM EVENT WHERE ID='69' AND DURATION=0 AND TYPE IS NULL AND HOST IS NULL AND ALERT='0'
DELETE FROM EVENT WHERE ID='70' AND DURATION=0 AND TYPE IS NULL AND HOST IS NULL AND ALERT='0'
DELETE FROM EVENT WHERE ID='71' AND DURATION=0 AND TYPE IS NULL AND HOST IS NULL AND ALERT='0'
DELETE FROM EVENT WHERE ID='72' AND DURATION=0 AND TYPE IS NULL AND HOST IS NULL AND ALERT='0'
DELETE FROM EVENT WHERE ID='73' AND DURATION=0 AND TYPE IS NULL AND HOST IS NULL AND ALERT='0'
DELETE FROM EVENT WHERE ID='74' AND DURATION=0 AND TYPE IS NULL AND HOST IS NULL AND ALERT='0'
DELETE FROM EVENT WHERE ID='75' AND DURATION=0 AND TYPE IS NULL AND HOST IS NULL AND ALERT='0'
DELETE FROM EVENT WHERE ID='76' AND DURATION=0 AND TYPE IS NULL AND HOST IS NULL AND ALERT='0'
DELETE FROM EVENT WHERE ID='77' AND DURATION=0 AND TYPE IS NULL AND HOST IS NULL AND ALERT='0'
DELETE FROM EVENT WHERE ID='78' AND DURATION=0 AND TYPE IS NULL AND HOST IS NULL AND ALERT='0'
DELETE FROM EVENT WHERE ID='79' AND DURATION=0 AND TYPE IS NULL AND HOST IS NULL AND ALERT='0'
DELETE FROM EVENT WHERE ID='80' AND DURATION=0 AND TYPE IS NULL AND HOST IS NULL AND ALERT='0'
DELETE FROM EVENT WHERE ID='81' AND DURATION=0 AND TYPE IS NULL AND HOST IS NULL AND ALERT='0'
DELETE FROM EVENT WHERE ID='82' AND DURATION=0 AND TYPE IS NULL AND HOST IS NULL AND ALERT='0'
DELETE FROM EVENT WHERE ID='83' AND DURATION=0 AND TYPE IS NULL AND HOST IS NULL AND ALERT='0'
DELETE FROM EVENT WHERE ID='84' AND DURATION=0 AND TYPE IS NULL AND HOST IS NULL AND ALERT='0'
DELETE FROM EVENT WHERE ID='85' AND DURATION=0 AND TYPE IS NULL AND HOST IS NULL AND ALERT='0'
DELETE FROM EVENT WHERE ID='86' AND DURATION=0 AND TYPE IS NULL AND HOST IS NULL AND ALERT='0'
DELETE FROM EVENT WHERE ID='87' AND DURATION=0 AND TYPE IS NULL AND HOST IS NULL AND ALERT='0'
DELETE FROM EVENT WHERE ID='88' AND DURATION=0 AND TYPE IS NULL AND HOST IS NULL AND ALERT='0'
DELETE FROM EVENT WHERE ID='89' AND DURATION=0 AND TYPE IS NULL AND HOST IS NULL AND ALERT='0'
DELETE FROM EVENT WHERE ID='90' AND DURATION=0 AND TYPE IS NULL AND HOST IS NULL AND ALERT='0'
DELETE FROM EVENT WHERE ID='91' AND DURATION=0 AND TYPE IS NULL AND HOST IS NULL AND ALERT='0'
DELETE FROM EVENT WHERE ID='92' AND DURATION=0 AND TYPE IS NULL AND HOST IS NULL AND ALERT='0'
DELETE FROM EVENT WHERE ID='93' AND DURATION=0 AND TYPE IS NULL AND HOST IS NULL AND ALERT='0'
DELETE FROM EVENT WHERE ID='94' AND DURATION=0 AND TYPE IS NULL AND HOST IS NULL AND ALERT='0'
DELETE FROM EVENT WHERE ID='95' AND DURATION=0 AND TYPE IS NULL AND HOST IS NULL AND ALERT='0'
DELETE FROM EVENT WHERE ID='96' AND DURATION=0 AND TYPE IS NULL AND HOST IS NULL AND ALERT='0'
DELETE FROM EVENT WHERE ID='97' AND DURATION=0 AND TYPE IS NULL AND HOST IS NULL AND ALERT='0'
DELETE FROM EVENT WHERE ID='98' AND DURATION=0 AND TYPE IS NULL AND HOST IS NULL AND ALERT='0'
DELETE FROM EVENT WHERE ID='99' AND DURATION=0 AND TYPE IS NULL AND HOST IS NULL AND ALERT='0'
DELETE FROM EVENT WHERE ID='100' AND DURATION=0 AND TYPE IS NULL AND HOST IS NULL AND ALERT='0'
DELETE FROM EVENT WHERE ID='101' AND DURATION=0 AND TYPE IS NULL AND HOST IS NULL AND ALERT='0'
DELETE FROM EVENT WHERE ID='102' AND DURATION=0 AND TYPE IS NULL AND HOST IS NULL AND ALERT='0'
DELETE FROM EVENT WHERE ID='103' AND DURATION=0 AND TYPE IS NULL AND HOST IS NULL AND ALERT='0'
DELETE FROM EVENT WHERE ID='1-2_chunk' AND DURATION=108 AND TYPE IS NULL AND HOST IS NULL AND ALERT='1'
DELETE FROM EVENT WHERE ID='108' AND DURATION=0 AND TYPE IS NULL AND HOST IS NULL AND ALERT='0'
DELETE FROM EVENT WHERE ID='113' AND DURATION=0 AND TYPE IS NULL AND HOST IS NULL AND ALERT='0'
DELETE FROM EVENT WHERE ID='118' AND DURATION=0 AND TYPE IS NULL AND HOST IS NULL AND ALERT='0'
DELETE FROM EVENT WHERE ID='123' AND DURATION=0 AND TYPE IS NULL AND HOST IS NULL AND ALERT='0'
DELETE FROM EVENT WHERE ID='128' AND DURATION=0 AND TYPE IS NULL AND HOST IS NULL AND ALERT='0'
DELETE FROM EVENT WHERE ID='133' AND DURATION=0 AND TYPE IS NULL AND HOST IS NULL AND ALERT='0'
DELETE FROM EVENT WHERE ID='138' AND DURATION=0 AND TYPE IS NULL AND HOST IS NULL AND ALERT='0'
DELETE FROM EVENT WHERE ID='143' AND DURATION=0 AND TYPE IS NULL AND HOST IS NULL AND ALERT='0'
DELETE FROM EVENT WHERE ID='104' AND DURATION=0 AND TYPE IS NULL AND HOST IS NULL AND ALERT='0'
DELETE FROM EVENT WHERE ID='105' AND DURATION=1 AND TYPE IS NULL AND HOST IS NULL AND ALERT='0'
DELETE FROM EVENT WHERE ID='106' AND DURATION=0 AND TYPE IS NULL AND HOST IS NULL AND ALERT='0'
DELETE FROM EVENT WHERE ID='107' AND DURATION=0 AND TYPE IS NULL AND HOST IS NULL AND ALERT='0'
DELETE FROM EVENT WHERE ID='109' AND DURATION=0 AND TYPE IS NULL AND HOST IS NULL AND ALERT='0'
DELETE FROM EVENT WHERE ID='110' AND DURATION=0 AND TYPE IS NULL AND HOST IS NULL AND ALERT='0'
DELETE FROM EVENT WHERE ID='111' AND DURATION=0 AND TYPE IS NULL AND HOST IS NULL AND ALERT='0'
DELETE FROM EVENT WHERE ID='112' AND DURATION=0 AND TYPE IS NULL AND HOST IS NULL AND ALERT='0'
DELETE FROM EVENT WHERE ID='114' AND DURATION=0 AND TYPE IS NULL AND HOST IS NULL AND ALERT='0'
DELETE FROM EVENT WHERE ID='115' AND DURATION=0 AND TYPE IS NULL AND HOST IS NULL AND ALERT='0'
DELETE FROM EVENT WHERE ID='116' AND DURATION=0 AND TYPE IS NULL AND HOST IS NULL AND ALERT='0'
DELETE FROM EVENT WHERE ID='117' AND DURATION=0 AND TYPE IS NULL AND HOST IS NULL AND ALERT='0'
DELETE FROM EVENT WHERE ID='119' AND DURATION=0 AND TYPE IS NULL AND HOST IS NULL AND ALERT='0'
DELETE FROM EVENT WHERE ID='120' AND DURATION=0 AND TYPE IS NULL AND HOST IS NULL AND ALERT='0'
DELETE FROM EVENT WHERE ID='121' AND DURATION=0 AND TYPE IS NULL AND HOST IS NULL AND ALERT='0'
DELETE FROM EVENT WHERE ID='122' AND DURATION=0 AND TYPE IS NULL AND HOST IS NULL AND ALERT='0'
DELETE FROM EVENT WHERE ID='124' AND DURATION=0 AND TYPE IS NULL AND HOST IS NULL AND ALERT='0'
DELETE FROM EVENT WHERE ID='125' AND DURATION=0 AND TYPE IS NULL AND HOST IS NULL AND ALERT='0'
DELETE FROM EVENT WHERE ID='126' AND DURATION=0 AND TYPE IS NULL AND HOST IS NULL AND ALERT='0'
DELETE FROM EVENT WHERE ID='127' AND DURATION=0 AND TYPE IS NULL AND HOST IS NULL AND ALERT='0'
DELETE FROM EVENT WHERE ID='129' AND DURATION=0 AND TYPE IS NULL AND HOST IS NULL AND ALERT='0'
DELETE FROM EVENT WHERE ID='130' AND DURATION=0 AND TYPE IS NULL AND HOST IS NULL AND ALERT='0'
DELETE FROM EVENT WHERE ID='131' AND DURATION=0 AND TYPE IS NULL AND HOST IS NULL AND ALERT='0'
DELETE FROM EVENT WHERE ID='132' AND DURATION=0 AND TYPE IS NULL AND HOST IS NULL AND ALERT='0'
DELETE FROM EVENT WHERE ID='134' AND DURATION=0 AND TYPE IS NULL AND HOST IS NULL AND ALERT='0'
DELETE FROM EVENT WHERE ID='135' AND DURATION=0 AND TYPE IS NULL AND HOST IS NULL AND ALERT='0'
DELETE FROM EVENT WHERE ID='136' AND DURATION=0 AND TYPE IS NULL AND HOST IS NULL AND ALERT='0'
DELETE FROM EVENT WHERE ID='137' AND DURATION=0 AND TYPE IS NULL AND HOST IS NULL AND ALERT='0'
DELETE FROM EVENT WHERE ID='139' AND DURATION=0 AND TYPE IS NULL AND HOST IS NULL AND ALERT='0'
DELETE FROM EVENT WHERE ID='140' AND DURATION=0 AND TYPE IS NULL AND HOST IS NULL AND ALERT='0'
DELETE FROM EVENT WHERE ID='141' AND DURATION=0 AND TYPE IS NULL AND HOST IS NULL AND ALERT='0'
DELETE FROM EVENT WHERE ID='142' AND DURATION=0 AND TYPE IS NULL AND HOST IS NULL AND ALERT='0'
DELETE FROM EVENT WHERE ID='144' AND DURATION=0 AND TYPE IS NULL AND HOST IS NULL AND ALERT='0'
DELETE FROM EVENT WHERE ID='145' AND DURATION=0 AND TYPE IS NULL AND HOST IS NULL AND ALERT='0'
DELETE FROM EVENT WHERE ID='146' AND DURATION=0 AND TYPE IS NULL AND HOST IS NULL AND ALERT='0'
DELETE FROM EVENT WHERE ID='147' AND DURATION=0 AND TYPE IS NULL AND HOST IS NULL AND ALERT='0'
DELETE FROM EVENT WHERE ID='149' AND DURATION=0 AND TYPE IS NULL AND HOST IS NULL AND ALERT='0'
DELETE FROM EVENT WHERE ID='150' AND DURATION=0 AND TYPE IS NULL AND HOST IS NULL AND ALERT='0'
DELETE FROM EVENT WHERE ID='151' AND DURATION=0 AND TYPE IS NULL AND HOST IS NULL AND ALERT='0'
DELETE FROM EVENT WHERE ID='152' AND DURATION=1 AND TYPE IS NULL AND HOST IS NULL AND ALERT='0'
DELETE FROM EVENT WHERE ID='148' AND DURATION=0 AND TYPE IS NULL AND HOST IS NULL AND ALERT='0'
DELETE FROM EVENT WHERE ID='153' AND DURATION=0 AND TYPE IS NULL AND HOST IS NULL AND ALERT='0'
DELETE FROM EVENT WHERE ID='158' AND DURATION=0 AND TYPE IS NULL AND HOST IS NULL AND ALERT='0'
DELETE FROM EVENT WHERE ID='163' AND DURATION=0 AND TYPE IS NULL AND HOST IS NULL AND ALERT='0'
DELETE FROM EVENT WHERE ID='168' AND DURATION=0 AND TYPE IS NULL AND HOST IS NULL AND ALERT='0'
DELETE FROM EVENT WHERE ID='173' AND DURATION=0 AND TYPE IS NULL AND HOST IS NULL AND ALERT='0'
DELETE FROM EVENT WHERE ID='178' AND DURATION=0 AND TYPE IS NULL AND HOST IS NULL AND ALERT='0'
DELETE FROM EVENT WHERE ID='183' AND DURATION=0 AND TYPE IS NULL AND HOST IS NULL AND ALERT='0'
DELETE FROM EVENT WHERE ID='188' AND DURATION=0 AND TYPE IS NULL AND HOST IS NULL AND ALERT='0'
DELETE FROM EVENT WHERE ID='193' AND DURATION=0 AND TYPE IS NULL AND HOST IS NULL AND ALERT='0'
DELETE FROM EVENT WHERE ID='154' AND DURATION=0 AND TYPE IS NULL AND HOST IS NULL AND ALERT='0'
DELETE FROM EVENT WHERE ID='155' AND DURATION=0 AND TYPE IS NULL AND HOST IS NULL AND ALERT='0'
DELETE FROM EVENT WHERE ID='156' AND DURATION=0 AND TYPE IS NULL AND HOST IS NULL AND ALERT='0'
DELETE FROM EVENT WHERE ID='157' AND DURATION=0 AND TYPE IS NULL AND HOST IS NULL AND ALERT='0'
DELETE FROM EVENT WHERE ID='159' AND DURATION=0 AND TYPE IS NULL AND HOST IS NULL AND ALERT='0'
DELETE FROM EVENT WHERE ID='160' AND DURATION=0 AND TYPE IS NULL AND HOST IS NULL AND ALERT='0'
DELETE FROM EVENT WHERE ID='161' AND DURATION=0 AND TYPE IS NULL AND HOST IS NULL AND ALERT='0'
DELETE FROM EVENT WHERE ID='162' AND DURATION=0 AND TYPE IS NULL AND HOST IS NULL AND ALERT='0'
DELETE FROM EVENT WHERE ID='164' AND DURATION=0 AND TYPE IS NULL AND HOST IS NULL AND ALERT='0'
DELETE FROM EVENT WHERE ID='165' AND DURATION=0 AND TYPE IS NULL AND HOST IS NULL AND ALERT='0'
DELETE FROM EVENT WHERE ID='166' AND DURATION=0 AND TYPE IS NULL AND HOST IS NULL AND ALERT='0'
DELETE FROM EVENT WHERE ID='167' AND DURATION=0 AND TYPE IS NULL AND HOST IS NULL AND ALERT='0'
DELETE FROM EVENT WHERE ID='169' AND DURATION=0 AND TYPE IS NULL AND HOST IS NULL AND ALERT='0'
DELETE FROM EVENT WHERE ID='170' AND DURATION=0 AND TYPE IS NULL AND HOST IS NULL AND ALERT='0'
DELETE FROM EVENT WHERE ID='171' AND DURATION=0 AND TYPE IS NULL AND HOST IS NULL AND ALERT='0'
DELETE FROM EVENT WHERE ID='172' AND DURATION=0 AND TYPE IS NULL AND HOST IS NULL AND ALERT='0'
DELETE FROM EVENT WHERE ID='174' AND DURATION=0 AND TYPE IS NULL AND HOST IS NULL AND ALERT='0'
DELETE FROM EVENT WHERE ID='175' AND DURATION=1 AND TYPE IS NULL AND HOST IS NULL AND ALERT='0'
DELETE FROM EVENT WHERE ID='176' AND DURATION=0 AND TYPE IS NULL AND HOST IS NULL AND ALERT='0'
DELETE FROM EVENT WHERE ID='177' AND DURATION=0 AND TYPE IS NULL AND HOST IS NULL AND ALERT='0'
DELETE FROM EVENT WHERE ID='179' AND DURATION=0 AND TYPE IS NULL AND HOST IS NULL AND ALERT='0'
DELETE FROM EVENT WHERE ID='180' AND DURATION=0 AND TYPE IS NULL AND HOST IS NULL AND ALERT='0'
DELETE FROM EVENT WHERE ID='181' AND DURATION=0 AND TYPE IS NULL AND HOST IS NULL AND ALERT='0'
DELETE FROM EVENT WHERE ID='182' AND DURATION=0 AND TYPE IS NULL AND HOST IS NULL AND ALERT='0'
DELETE FROM EVENT WHERE ID='184' AND DURATION=0 AND TYPE IS NULL AND HOST IS NULL AND ALERT='0'
DELETE FROM EVENT WHERE ID='185' AND DURATION=0 AND TYPE IS NULL AND HOST IS NULL AND ALERT='0'
DELETE FROM EVENT WHERE ID='186' AND DURATION=0 AND TYPE IS NULL AND HOST IS NULL AND ALERT='0'
DELETE FROM EVENT WHERE ID='187' AND DURATION=0 AND TYPE IS NULL AND HOST IS NULL AND ALERT='0'
DELETE FROM EVENT WHERE ID='189' AND DURATION=0 AND TYPE IS NULL AND HOST IS NULL AND ALERT='0'
DELETE FROM EVENT WHERE ID='190' AND DURATION=0 AND TYPE IS NULL AND HOST IS NULL AND ALERT='0'
DELETE FROM EVENT WHERE ID='191' AND DURATION=0 AND TYPE IS NULL AND HOST IS NULL AND ALERT='0'
DELETE FROM EVENT WHERE ID='192' AND DURATION=0 AND TYPE IS NULL AND HOST IS NULL AND ALERT='0'
DELETE FROM EVENT WHERE ID='194' AND DURATION=0 AND TYPE IS NULL AND HOST IS NULL AND ALERT='0'
DELETE FROM EVENT WHERE ID='195' AND DURATION=0 AND TYPE IS NULL AND HOST IS NULL AND ALERT='0'
DELETE FROM EVENT WHERE ID='196' AND DURATION=0 AND TYPE IS NULL AND HOST IS NULL AND ALERT='0'
DELETE FROM EVENT WHERE ID='197' AND DURATION=0 AND TYPE IS NULL AND HOST IS NULL AND ALERT='0'
DELETE FROM EVENT WHERE ID='199' AND DURATION=0 AND TYPE IS NULL AND HOST IS NULL AND ALERT='0'
DELETE FROM EVENT WHERE ID='200' AND DURATION=0 AND TYPE IS NULL AND HOST IS NULL AND ALERT='0'
DELETE FROM EVENT WHERE ID='201' AND DURATION=0 AND TYPE IS NULL AND HOST IS NULL AND ALERT='0'
DELETE FROM EVENT WHERE ID='202' AND DURATION=1 AND TYPE IS NULL AND HOST IS NULL AND ALERT='0'
DELETE FROM EVENT WHERE ID='198' AND DURATION=0 AND TYPE IS NULL AND HOST IS NULL AND ALERT='0'
DELETE FROM EVENT WHERE ID='203' AND DURATION=0 AND TYPE IS NULL AND HOST IS NULL AND ALERT='0'
DELETE FROM EVENT WHERE ID='208' AND DURATION=0 AND TYPE IS NULL AND HOST IS NULL AND ALERT='0'
DELETE FROM EVENT WHERE ID='213' AND DURATION=0 AND TYPE IS NULL AND HOST IS NULL AND ALERT='0'
DELETE FROM EVENT WHERE ID='218' AND DURATION=0 AND TYPE IS NULL AND HOST IS NULL AND ALERT='0'
DELETE FROM EVENT WHERE ID='223' AND DURATION=0 AND TYPE IS NULL AND HOST IS NULL AND ALERT='0'
DELETE FROM EVENT WHERE ID='228' AND DURATION=0 AND TYPE IS NULL AND HOST IS NULL AND ALERT='0'
DELETE FROM EVENT WHERE ID='233' AND DURATION=0 AND TYPE IS NULL AND HOST IS NULL AND ALERT='0'
DELETE FROM EVENT WHERE ID='238' AND DURATION=0 AND TYPE IS NULL AND HOST IS NULL AND ALERT='0'
DELETE FROM EVENT WHERE ID='243' AND DURATION=0 AND TYPE IS NULL AND HOST IS NULL AND ALERT='0'
DELETE FROM EVENT WHERE ID='204' AND DURATION=0 AND TYPE IS NULL AND HOST IS NULL AND ALERT='0'
DELETE FROM EVENT WHERE ID='205' AND DURATION=0 AND TYPE IS NULL AND HOST IS NULL AND ALERT='0'
DELETE FROM EVENT WHERE ID='206' AND DURATION=0 AND TYPE IS NULL AND HOST IS NULL AND ALERT='0'
DELETE FROM EVENT WHERE ID='207' AND DURATION=0 AND TYPE IS NULL AND HOST IS NULL AND ALERT='0'
DELETE FROM EVENT WHERE ID='209' AND DURATION=0 AND TYPE IS NULL AND HOST IS NULL AND ALERT='0'
DELETE FROM EVENT WHERE ID='210' AND DURATION=0 AND TYPE IS NULL AND HOST IS NULL AND ALERT='0'
DELETE FROM EVENT WHERE ID='211' AND DURATION=0 AND TYPE IS NULL AND HOST IS NULL AND ALERT='0'
DELETE FROM EVENT WHERE ID='212' AND DURATION=0 AND TYPE IS NULL AND HOST IS NULL AND ALERT='0'
DELETE FROM EVENT WHERE ID='214' AND DURATION=0 AND TYPE IS NULL AND HOST IS NULL AND ALERT='0'
DELETE FROM EVENT WHERE ID='215' AND DURATION=0 AND TYPE IS NULL AND HOST IS NULL AND ALERT='0'
DELETE FROM EVENT WHERE ID='216' AND DURATION=0 AND TYPE IS NULL AND HOST IS NULL AND ALERT='0'
DELETE FROM EVENT WHERE ID='217' AND DURATION=0 AND TYPE IS NULL AND HOST IS NULL AND ALERT='0'
DELETE FROM EVENT WHERE ID='219' AND DURATION=0 AND TYPE IS NULL AND HOST IS NULL AND ALERT='0'
DELETE FROM EVENT WHERE ID='220' AND DURATION=1 AND TYPE IS NULL AND HOST IS NULL AND ALERT='0'
DELETE FROM EVENT WHERE ID='221' AND DURATION=0 AND TYPE IS NULL AND HOST IS NULL AND ALERT='0'
DELETE FROM EVENT WHERE ID='222' AND DURATION=0 AND TYPE IS NULL AND HOST IS NULL AND ALERT='0'
DELETE FROM EVENT WHERE ID='224' AND DURATION=0 AND TYPE IS NULL AND HOST IS NULL AND ALERT='0'
DELETE FROM EVENT WHERE ID='225' AND DURATION=0 AND TYPE IS NULL AND HOST IS NULL AND ALERT='0'
DELETE FROM EVENT WHERE ID='226' AND DURATION=0 AND TYPE IS NULL AND HOST IS NULL AND ALERT='0'
DELETE FROM EVENT WHERE ID='227' AND DURATION=0 AND TYPE IS NULL AND HOST IS NULL AND ALERT='0'
DELETE FROM EVENT WHERE ID='229' AND DURATION=0 AND TYPE IS NULL AND HOST IS NULL AND ALERT='0'
DELETE FROM EVENT WHERE ID='230' AND DURATION=0 AND TYPE IS NULL AND HOST IS NULL AND ALERT='0'
DELETE FROM EVENT WHERE ID='231' AND DURATION=0 AND TYPE IS NULL AND HOST IS NULL AND ALERT='0'
DELETE FROM EVENT WHERE ID='232' AND DURATION=0 AND TYPE IS NULL AND HOST IS NULL AND ALERT='0'
DELETE FROM EVENT WHERE ID='234' AND DURATION=0 AND TYPE IS NULL AND HOST IS NULL AND ALERT='0'
DELETE FROM EVENT WHERE ID='235' AND DURATION=0 AND TYPE IS NULL AND HOST IS NULL AND ALERT='0'
DELETE FROM EVENT WHERE ID='236' AND DURATION=0 AND TYPE IS NULL AND HOST IS NULL AND ALERT='0'
DELETE FROM EVENT WHERE ID='237' AND DURATION=0 AND TYPE IS NULL AND HOST IS NULL AND ALERT='0'
DELETE FROM EVENT WHERE ID='239' AND DURATION=0 AND TYPE IS NULL AND HOST IS NULL AND ALERT='0'
DELETE FROM EVENT WHERE ID='240' AND DURATION=0 AND TYPE IS NULL AND HOST IS NULL AND ALERT='0'
DELETE FROM EVENT WHERE ID='241' AND DURATION=0 AND TYPE IS NULL AND HOST IS NULL AND ALERT='0'
DELETE FROM EVENT WHERE ID='242' AND DURATION=0 AND TYPE IS NULL AND HOST IS NULL AND ALERT='0'
DELETE FROM EVENT WHERE ID='244' AND DURATION=1 AND TYPE IS NULL AND HOST IS NULL AND ALERT='0'
DELETE FROM EVENT WHERE ID='245' AND DURATION=0 AND TYPE IS NULL AND HOST IS NULL AND ALERT='0'
DELETE FROM EVENT WHERE ID='246' AND DURATION=0 AND TYPE IS NULL AND HOST IS NULL AND ALERT='0'
DELETE FROM EVENT WHERE ID='247' AND DURATION=0 AND TYPE IS NULL AND HOST IS NULL AND ALERT='0'
DELETE FROM EVENT WHERE ID='249' AND DURATION=0 AND TYPE IS NULL AND HOST IS NULL AND ALERT='0'
DELETE FROM EVENT WHERE ID='250' AND DURATION=0 AND TYPE IS NULL AND HOST IS NULL AND ALERT='0'
DELETE FROM EVENT WHERE ID='251' AND DURATION=0 AND TYPE IS NULL AND HOST IS NULL AND ALERT='0'
DELETE FROM EVENT WHERE ID='252' AND DURATION=0 AND TYPE IS NULL AND HOST IS NULL AND ALERT='0'
DELETE FROM EVENT WHERE ID='248' AND DURATION=0 AND TYPE IS NULL AND HOST IS NULL AND ALERT='0'
DELETE FROM EVENT WHERE ID='253' AND DURATION=0 AND TYPE IS NULL AND HOST IS NULL AND ALERT='0'
DELETE FROM EVENT WHERE ID='258' AND DURATION=0 AND TYPE IS NULL AND HOST IS NULL AND ALERT='0'
DELETE FROM EVENT WHERE ID='263' AND DURATION=0 AND TYPE IS NULL AND HOST IS NULL AND ALERT='0'
DELETE FROM EVENT WHERE ID='268' AND DURATION=0 AND TYPE IS NULL AND HOST IS NULL AND ALERT='0'
DELETE FROM EVENT WHERE ID='273' AND DURATION=0 AND TYPE IS NULL AND HOST IS NULL AND ALERT='0'
DELETE FROM EVENT WHERE ID='278' AND DURATION=0 AND TYPE IS NULL AND HOST IS NULL AND ALERT='0'
DELETE FROM EVENT WHERE ID='283' AND DURATION=0 AND TYPE IS NULL AND HOST IS NULL AND ALERT='0'
DELETE FROM EVENT WHERE ID='288' AND DURATION=0 AND TYPE IS NULL AND HOST IS NULL AND ALERT='0'
DELETE FROM EVENT WHERE ID='254' AND DURATION=0 AND TYPE IS NULL AND HOST IS NULL AND ALERT='0'
DELETE FROM EVENT WHERE ID='255' AND DURATION=0 AND TYPE IS NULL AND HOST IS NULL AND ALERT='0'
DELETE FROM EVENT WHERE ID='256' AND DURATION=0 AND TYPE IS NULL AND HOST IS NULL AND ALERT='0'
DELETE FROM EVENT WHERE ID='257' AND DURATION=0 AND TYPE IS NULL AND HOST IS NULL AND ALERT='0'
DELETE FROM EVENT WHERE ID='259' AND DURATION=0 AND TYPE IS NULL AND HOST IS NULL AND ALERT='0'
DELETE FROM EVENT WHERE ID='260' AND DURATION=0 AND TYPE IS NULL AND HOST IS NULL AND ALERT='0'
DELETE FROM EVENT WHERE ID='261' AND DURATION=0 AND TYPE IS NULL AND HOST IS NULL AND ALERT='0'
DELETE FROM EVENT WHERE ID='262' AND DURATION=0 AND TYPE IS NULL AND HOST IS NULL AND ALERT='0'
DELETE FROM EVENT WHERE ID='264' AND DURATION=0 AND TYPE IS NULL AND HOST IS NULL AND ALERT='0'
DELETE FROM EVENT WHERE ID='265' AND DURATION=0 AND TYPE IS NULL AND HOST IS NULL AND ALERT='0'
DELETE FROM EVENT WHERE ID='266' AND DURATION=0 AND TYPE IS NULL AND HOST IS NULL AND ALERT='0'
DELETE FROM EVENT WHERE ID='267' AND DURATION=0 AND TYPE IS NULL AND HOST IS NULL AND ALERT='0'
DELETE FROM EVENT WHERE ID='269' AND DURATION=0 AND TYPE IS NULL AND HOST IS NULL AND ALERT='0'
DELETE FROM EVENT WHERE ID='270' AND DURATION=0 AND TYPE IS NULL AND HOST IS NULL AND ALERT='0'
DELETE FROM EVENT WHERE ID='271' AND DURATION=0 AND TYPE IS NULL AND HOST IS NULL AND ALERT='0'
DELETE FROM EVENT WHERE ID='272' AND DURATION=0 AND TYPE IS NULL AND HOST IS NULL AND ALERT='0'
DELETE FROM EVENT WHERE ID='274' AND DURATION=0 AND TYPE IS NULL AND HOST IS NULL AND ALERT='0'
DELETE FROM EVENT WHERE ID='275' AND DURATION=0 AND TYPE IS NULL AND HOST IS NULL AND ALERT='0'
DELETE FROM EVENT WHERE ID='276' AND DURATION=0 AND TYPE IS NULL AND HOST IS NULL AND ALERT='0'
DELETE FROM EVENT WHERE ID='277' AND DURATION=0 AND TYPE IS NULL AND HOST IS NULL AND ALERT='0'
DELETE FROM EVENT WHERE ID='279' AND DURATION=0 AND TYPE IS NULL AND HOST IS NULL AND ALERT='0'
DELETE FROM EVENT WHERE ID='280' AND DURATION=0 AND TYPE IS NULL AND HOST IS NULL AND ALERT='0'
DELETE FROM EVENT WHERE ID='281' AND DURATION=0 AND TYPE IS NULL AND HOST IS NULL AND ALERT='0'
DELETE FROM EVENT WHERE ID='282' AND DURATION=0 AND TYPE IS NULL AND HOST IS NULL AND ALERT='0'
DELETE FROM EVENT WHERE ID='284' AND DURATION=0 AND TYPE IS NULL AND HOST IS NULL AND ALERT='0'
DELETE FROM EVENT WHERE ID='285' AND DURATION=0 AND TYPE IS NULL AND HOST IS NULL AND ALERT='0'
DELETE FROM EVENT WHERE ID='286' AND DURATION=0 AND TYPE IS NULL AND HOST IS NULL AND ALERT='0'
DELETE FROM EVENT WHERE ID='287' AND DURATION=0 AND TYPE IS NULL AND HOST IS NULL AND ALERT='0'
DELETE FROM EVENT WHERE ID='289' AND DURATION=0 AND TYPE IS NULL AND HOST IS NULL AND ALERT='0'
DELETE FROM EVENT WHERE ID='290' AND DURATION=0 AND TYPE IS NULL AND HOST IS NULL AND ALERT='0'
DELETE FROM EVENT WHERE ID='291' AND DURATION=0 AND TYPE IS NULL AND HOST IS NULL AND ALERT='0'
DELETE FROM EVENT WHERE ID='292' AND DURATION=0 AND TYPE IS NULL AND HOST IS NULL AND ALERT='0'
DELETE FROM EVENT WHERE ID='293' AND DURATION=0 AND TYPE IS NULL AND HOST IS NULL AND ALERT='0'
DELETE FROM EVENT WHERE ID='294' AND DURATION=0 AND TYPE IS NULL AND HOST IS NULL AND ALERT='0'
DELETE FROM EVENT WHERE ID='295' AND DURATION=0 AND TYPE IS NULL AND HOST IS NULL AND ALERT='0'
DELETE FROM EVENT WHERE ID='296' AND DURATION=0 AND TYPE IS NULL AND HOST IS NULL AND ALERT='0'
DELETE FROM EVENT WHERE ID='297' AND DURATION=0 AND TYPE IS NULL AND HOST IS NULL AND ALERT='0'
DELETE FROM EVENT WHERE ID='298' AND DURATION=0 AND TYPE IS NULL AND HOST IS NULL AND ALERT='0'
DELETE FROM EVENT WHERE ID='299' AND DURATION=0 AND TYPE IS NULL AND HOST IS NULL AND ALERT='0'
DELETE FROM EVENT WHERE ID='300' AND DURATION=0 AND TYPE IS NULL AND HOST IS NULL AND ALERT='0'
DELETE FROM EVENT WHERE ID='301' AND DURATION=0 AND TYPE IS NULL AND HOST IS NULL AND ALERT='0'
DELETE FROM EVENT WHERE ID='302' AND DURATION=1 AND TYPE IS NULL AND HOST IS NULL AND ALERT='0'
DELETE FROM EVENT WHERE ID='3-4_chunk' AND DURATION=4 AND TYPE IS NULL AND HOST IS NULL AND ALERT='0'
DELETE FROM EVENT WHERE ID='1-4_chunk' AND DURATION=130 AND TYPE IS NULL AND HOST IS NULL AND ALERT='1'
DELETE FROM EVENT WHERE ID='303' AND DURATION=1 AND TYPE IS NULL AND HOST IS NULL AND ALERT='0'
DELETE FROM EVENT WHERE ID='304' AND DURATION=1 AND TYPE IS NULL AND HOST IS NULL AND ALERT='0'
COMMIT
DISCONNECT
